2017-09-08 17:07:45,191 0      [           main] INFO  work.web.context.ContextLoader  - Root WebApplicationContext: initialization started
2017-09-08 17:07:45,448 257    [           main] INFO  pport.XmlWebApplicationContext  - Refreshing Root WebApplicationContext: startup date [Fri Sep 08 17:07:45 CST 2017]; root of context hierarchy
2017-09-08 17:07:45,528 337    [           main] INFO  ry.xml.XmlBeanDefinitionReader  - Loading XML bean definitions from class path resource [applicationContext.xml]
2017-09-08 17:07:46,845 1654   [           main] INFO  redAnnotationBeanPostProcessor  - JSR-330 'javax.inject.Inject' annotation found and supported for autowiring
2017-09-08 17:07:47,004 1813   [           main] INFO         com.mchange.v2.log.MLog  - MLog clients using log4j logging.
2017-09-08 17:07:47,690 2499   [           main] INFO  m.mchange.v2.c3p0.C3P0Registry  - Initializing c3p0-0.9.1.2 [built 21-May-2007 15:04:56; debug? true; trace: 10]
2017-09-08 17:07:48,149 2958   [           main] INFO  tainerEntityManagerFactoryBean  - Building JPA container EntityManagerFactory for persistence unit 'default'
2017-09-08 17:07:48,150 2959   [           main] WARN  rnate.ejb.HibernatePersistence  - HHH015016: Encountered a deprecated javax.persistence.spi.PersistenceProvider [org.hibernate.ejb.HibernatePersistence]; use [org.hibernate.jpa.HibernatePersistenceProvider] instead.
2017-09-08 17:07:48,163 2972   [           main] INFO  te.jpa.internal.util.LogHelper  - HHH000204: Processing PersistenceUnitInfo [
	name: default
	...]
2017-09-08 17:07:48,627 3436   [           main] INFO           org.hibernate.Version  - HHH000412: Hibernate Core {5.0.7.Final}
2017-09-08 17:07:48,629 3438   [           main] INFO   org.hibernate.cfg.Environment  - HHH000206: hibernate.properties not found
2017-09-08 17:07:48,630 3439   [           main] INFO   org.hibernate.cfg.Environment  - HHH000021: Bytecode provider name : javassist
2017-09-08 17:07:48,763 3572   [           main] INFO  ate.annotations.common.Version  - HCANN000001: Hibernate Commons Annotations {5.0.1.Final}
2017-09-08 17:07:49,148 3957   [           main] INFO  l.AbstractPoolBackedDataSource  - Initializing c3p0 pool... com.mchange.v2.c3p0.ComboPooledDataSource [ acquireIncrement -> 3, acquireRetryAttempts -> 30, acquireRetryDelay -> 1000, autoCommitOnClose -> false, automaticTestTable -> null, breakAfterAcquireFailure -> false, checkoutTimeout -> 0, connectionCustomizerClassName -> null, connectionTesterClassName -> com.mchange.v2.c3p0.impl.DefaultConnectionTester, dataSourceName -> 1hgewkh9qqucyi8ftd4le|c04efd, debugUnreturnedConnectionStackTraces -> false, description -> null, driverClass -> oracle.jdbc.driver.OracleDriver, factoryClassLocation -> null, forceIgnoreUnresolvedTransactions -> false, identityToken -> 1hgewkh9qqucyi8ftd4le|c04efd, idleConnectionTestPeriod -> 0, initialPoolSize -> 3, jdbcUrl -> jdbc:oracle:thin:@192.168.91.128:1521:ORCL, maxAdministrativeTaskTime -> 0, maxConnectionAge -> 0, maxIdleTime -> 0, maxIdleTimeExcessConnections -> 0, maxPoolSize -> 15, maxStatements -> 0, maxStatementsPerConnection -> 0, minPoolSize -> 3, numHelperThreads -> 3, numThreadsAwaitingCheckoutDefaultUser -> 0, preferredTestQuery -> null, properties -> {user=******, password=******}, propertyCycle -> 0, testConnectionOnCheckin -> false, testConnectionOnCheckout -> false, unreturnedConnectionTimeout -> 0, usesTraditionalReflectiveProxies -> false ]
2017-09-08 17:07:52,553 7362   [           main] INFO   org.hibernate.dialect.Dialect  - HHH000400: Using dialect: org.hibernate.dialect.Oracle10gDialect
2017-09-08 17:07:54,030 8839   [           main] INFO  internal.LobCreatorBuilderImpl  - HHH000424: Disabling contextual LOB creation as createClob() method threw error : java.lang.reflect.InvocationTargetException
2017-09-08 17:07:59,488 14297  [           main] INFO  nate.tool.hbm2ddl.SchemaUpdate  - HHH000228: Running hbm2ddl schema update
2017-09-08 17:08:02,304 17113  [           main] INFO  ractorJdbcDatabaseMetaDataImpl  - HHH000262: Table not found: T_ARCHIVE
2017-09-08 17:08:03,437 18246  [           main] INFO  ractorJdbcDatabaseMetaDataImpl  - HHH000262: Table not found: T_AREA
2017-09-08 17:08:03,595 18404  [           main] INFO  ractorJdbcDatabaseMetaDataImpl  - HHH000262: Table not found: T_COURIER
2017-09-08 17:08:03,943 18752  [           main] INFO  ractorJdbcDatabaseMetaDataImpl  - HHH000262: Table not found: T_FIXED_AREA
2017-09-08 17:08:04,219 19028  [           main] INFO  ractorJdbcDatabaseMetaDataImpl  - HHH000262: Table not found: T_FIXEDAREA_COURIER
2017-09-08 17:08:04,335 19144  [           main] INFO  ractorJdbcDatabaseMetaDataImpl  - HHH000262: Table not found: T_STANDARD
2017-09-08 17:08:04,408 19217  [           main] INFO  ractorJdbcDatabaseMetaDataImpl  - HHH000262: Table not found: T_SUB_ARCHIVE
2017-09-08 17:08:04,515 19324  [           main] INFO  ractorJdbcDatabaseMetaDataImpl  - HHH000262: Table not found: T_SUB_AREA
2017-09-08 17:08:04,591 19400  [           main] INFO  ractorJdbcDatabaseMetaDataImpl  - HHH000262: Table not found: T_TAKE_TIME
2017-09-08 17:08:05,215 20024  [           main] INFO  ractorJdbcDatabaseMetaDataImpl  - HHH000262: Table not found: T_VEHICLE
2017-09-08 17:08:13,641 28450  [           main] INFO  work.web.context.ContextLoader  - Root WebApplicationContext: initialization completed in 28449 ms
2017-09-08 17:08:14,236 29045  [           main] INFO  iders.XmlConfigurationProvider  - Parsing configuration file [struts-default.xml]
2017-09-08 17:08:14,486 29295  [           main] INFO  iders.XmlConfigurationProvider  - Parsing configuration file [struts-plugin.xml]
2017-09-08 17:08:14,516 29325  [           main] INFO  iders.XmlConfigurationProvider  - Unable to locate configuration files of the name struts.xml, skipping
2017-09-08 17:08:14,516 29325  [           main] INFO  iders.XmlConfigurationProvider  - Parsing configuration file [struts.xml]
2017-09-08 17:08:14,519 29328  [           main] INFO  .AbstractBeanSelectionProvider  - Choosing bean (spring) for (com.opensymphony.xwork2.ObjectFactory)
2017-09-08 17:08:14,519 29328  [           main] INFO  .AbstractBeanSelectionProvider  - Choosing bean (struts) for (com.opensymphony.xwork2.factory.ActionFactory)
2017-09-08 17:08:14,519 29328  [           main] INFO  .AbstractBeanSelectionProvider  - Choosing bean (struts) for (com.opensymphony.xwork2.factory.ResultFactory)
2017-09-08 17:08:14,519 29328  [           main] INFO  .AbstractBeanSelectionProvider  - Choosing bean (struts) for (com.opensymphony.xwork2.factory.ConverterFactory)
2017-09-08 17:08:14,519 29328  [           main] INFO  .AbstractBeanSelectionProvider  - Choosing bean (struts) for (com.opensymphony.xwork2.factory.InterceptorFactory)
2017-09-08 17:08:14,519 29328  [           main] INFO  .AbstractBeanSelectionProvider  - Choosing bean (struts) for (com.opensymphony.xwork2.factory.ValidatorFactory)
2017-09-08 17:08:14,519 29328  [           main] INFO  .AbstractBeanSelectionProvider  - Choosing bean (struts) for (com.opensymphony.xwork2.factory.UnknownHandlerFactory)
2017-09-08 17:08:14,519 29328  [           main] INFO  .AbstractBeanSelectionProvider  - Choosing bean (struts) for (com.opensymphony.xwork2.FileManagerFactory)
2017-09-08 17:08:14,519 29328  [           main] INFO  .AbstractBeanSelectionProvider  - Choosing bean (struts) for (com.opensymphony.xwork2.conversion.impl.XWorkConverter)
2017-09-08 17:08:14,519 29328  [           main] INFO  .AbstractBeanSelectionProvider  - Choosing bean (struts) for (com.opensymphony.xwork2.conversion.impl.CollectionConverter)
2017-09-08 17:08:14,519 29328  [           main] INFO  .AbstractBeanSelectionProvider  - Choosing bean (struts) for (com.opensymphony.xwork2.conversion.impl.ArrayConverter)
2017-09-08 17:08:14,520 29329  [           main] INFO  .AbstractBeanSelectionProvider  - Choosing bean (struts) for (com.opensymphony.xwork2.conversion.impl.DateConverter)
2017-09-08 17:08:14,520 29329  [           main] INFO  .AbstractBeanSelectionProvider  - Choosing bean (struts) for (com.opensymphony.xwork2.conversion.impl.NumberConverter)
2017-09-08 17:08:14,520 29329  [           main] INFO  .AbstractBeanSelectionProvider  - Choosing bean (struts) for (com.opensymphony.xwork2.conversion.impl.StringConverter)
2017-09-08 17:08:14,520 29329  [           main] INFO  .AbstractBeanSelectionProvider  - Choosing bean (struts) for (com.opensymphony.xwork2.conversion.ConversionPropertiesProcessor)
2017-09-08 17:08:14,520 29329  [           main] INFO  .AbstractBeanSelectionProvider  - Choosing bean (struts) for (com.opensymphony.xwork2.conversion.ConversionFileProcessor)
2017-09-08 17:08:14,521 29330  [           main] INFO  .AbstractBeanSelectionProvider  - Choosing bean (struts) for (com.opensymphony.xwork2.conversion.ConversionAnnotationProcessor)
2017-09-08 17:08:14,521 29330  [           main] INFO  .AbstractBeanSelectionProvider  - Choosing bean (struts) for (com.opensymphony.xwork2.conversion.TypeConverterCreator)
2017-09-08 17:08:14,521 29330  [           main] INFO  .AbstractBeanSelectionProvider  - Choosing bean (struts) for (com.opensymphony.xwork2.conversion.TypeConverterHolder)
2017-09-08 17:08:14,521 29330  [           main] INFO  .AbstractBeanSelectionProvider  - Choosing bean (struts) for (com.opensymphony.xwork2.TextProvider)
2017-09-08 17:08:14,521 29330  [           main] INFO  .AbstractBeanSelectionProvider  - Choosing bean (struts) for (com.opensymphony.xwork2.LocaleProvider)
2017-09-08 17:08:14,521 29330  [           main] INFO  .AbstractBeanSelectionProvider  - Choosing bean (struts) for (com.opensymphony.xwork2.ActionProxyFactory)
2017-09-08 17:08:14,521 29330  [           main] INFO  .AbstractBeanSelectionProvider  - Choosing bean (struts) for (com.opensymphony.xwork2.conversion.ObjectTypeDeterminer)
2017-09-08 17:08:14,521 29330  [           main] INFO  .AbstractBeanSelectionProvider  - Choosing bean (struts) for (org.apache.struts2.dispatcher.mapper.ActionMapper)
2017-09-08 17:08:14,521 29330  [           main] INFO  .AbstractBeanSelectionProvider  - Choosing bean (jakarta) for (org.apache.struts2.dispatcher.multipart.MultiPartRequest)
2017-09-08 17:08:14,521 29330  [           main] INFO  .AbstractBeanSelectionProvider  - Choosing bean (struts) for (org.apache.struts2.views.freemarker.FreemarkerManager)
2017-09-08 17:08:14,523 29332  [           main] INFO  .AbstractBeanSelectionProvider  - Choosing bean (struts) for (org.apache.struts2.components.UrlRenderer)
2017-09-08 17:08:14,523 29332  [           main] INFO  .AbstractBeanSelectionProvider  - Choosing bean (struts) for (com.opensymphony.xwork2.validator.ActionValidatorManager)
2017-09-08 17:08:14,523 29332  [           main] INFO  .AbstractBeanSelectionProvider  - Choosing bean (struts) for (com.opensymphony.xwork2.util.ValueStackFactory)
2017-09-08 17:08:14,523 29332  [           main] INFO  .AbstractBeanSelectionProvider  - Choosing bean (struts) for (com.opensymphony.xwork2.util.reflection.ReflectionProvider)
2017-09-08 17:08:14,523 29332  [           main] INFO  .AbstractBeanSelectionProvider  - Choosing bean (struts) for (com.opensymphony.xwork2.util.reflection.ReflectionContextFactory)
2017-09-08 17:08:14,523 29332  [           main] INFO  .AbstractBeanSelectionProvider  - Choosing bean (struts) for (com.opensymphony.xwork2.util.PatternMatcher)
2017-09-08 17:08:14,523 29332  [           main] INFO  .AbstractBeanSelectionProvider  - Choosing bean (struts) for (org.apache.struts2.util.ContentTypeMatcher)
2017-09-08 17:08:14,523 29332  [           main] INFO  .AbstractBeanSelectionProvider  - Choosing bean (struts) for (org.apache.struts2.dispatcher.StaticContentLoader)
2017-09-08 17:08:14,523 29332  [           main] INFO  .AbstractBeanSelectionProvider  - Choosing bean (struts) for (com.opensymphony.xwork2.UnknownHandlerManager)
2017-09-08 17:08:14,523 29332  [           main] INFO  .AbstractBeanSelectionProvider  - Choosing bean (struts) for (org.apache.struts2.views.util.UrlHelper)
2017-09-08 17:08:14,523 29332  [           main] INFO  .AbstractBeanSelectionProvider  - Choosing bean (struts) for (com.opensymphony.xwork2.util.TextParser)
2017-09-08 17:08:14,524 29333  [           main] INFO  .AbstractBeanSelectionProvider  - Choosing bean (struts) for (org.apache.struts2.dispatcher.DispatcherErrorHandler)
2017-09-08 17:08:14,524 29333  [           main] INFO  .AbstractBeanSelectionProvider  - Choosing bean (struts) for (com.opensymphony.xwork2.security.ExcludedPatternsChecker)
2017-09-08 17:08:14,524 29333  [           main] INFO  .AbstractBeanSelectionProvider  - Choosing bean (struts) for (com.opensymphony.xwork2.security.AcceptedPatternsChecker)
2017-09-08 17:08:14,537 29346  [           main] INFO  ring.StrutsSpringObjectFactory  - Initializing Struts-Spring integration...
2017-09-08 17:08:14,538 29347  [           main] INFO  rk2.spring.SpringObjectFactory  - Setting autowire strategy to name
2017-09-08 17:08:14,538 29347  [           main] INFO  ring.StrutsSpringObjectFactory  - ... initialized Struts-Spring integration successfully
2017-09-08 17:08:15,083 29892  [           main] ERROR .struts2.dispatcher.Dispatcher  - Dispatcher initialization failed
Unable to load configuration. - [unknown location]
	at com.opensymphony.xwork2.config.ConfigurationManager.getConfiguration(ConfigurationManager.java:70)
	at org.apache.struts2.dispatcher.Dispatcher.getContainer(Dispatcher.java:967)
	at org.apache.struts2.dispatcher.Dispatcher.init_PreloadConfiguration(Dispatcher.java:435)
	at org.apache.struts2.dispatcher.Dispatcher.init(Dispatcher.java:479)
	at org.apache.struts2.dispatcher.ng.InitOperations.initDispatcher(InitOperations.java:74)
	at org.apache.struts2.dispatcher.ng.filter.StrutsPrepareAndExecuteFilter.init(StrutsPrepareAndExecuteFilter.java:57)
	at org.apache.catalina.core.ApplicationFilterConfig.getFilter(ApplicationFilterConfig.java:295)
	at org.apache.catalina.core.ApplicationFilterConfig.setFilterDef(ApplicationFilterConfig.java:422)
	at org.apache.catalina.core.ApplicationFilterConfig.<init>(ApplicationFilterConfig.java:115)
	at org.apache.catalina.core.StandardContext.filterStart(StandardContext.java:4001)
	at org.apache.catalina.core.StandardContext.start(StandardContext.java:4651)
	at org.apache.catalina.core.ContainerBase.start(ContainerBase.java:1045)
	at org.apache.catalina.core.StandardHost.start(StandardHost.java:785)
	at org.apache.catalina.core.ContainerBase.start(ContainerBase.java:1045)
	at org.apache.catalina.core.StandardEngine.start(StandardEngine.java:445)
	at org.apache.catalina.startup.Embedded.start(Embedded.java:825)
	at org.codehaus.mojo.tomcat.AbstractRunMojo.startContainer(AbstractRunMojo.java:558)
	at org.codehaus.mojo.tomcat.AbstractRunMojo.execute(AbstractRunMojo.java:255)
	at org.apache.maven.plugin.DefaultBuildPluginManager.executeMojo(DefaultBuildPluginManager.java:134)
	at org.apache.maven.lifecycle.internal.MojoExecutor.execute(MojoExecutor.java:207)
	at org.apache.maven.lifecycle.internal.MojoExecutor.execute(MojoExecutor.java:153)
	at org.apache.maven.lifecycle.internal.MojoExecutor.execute(MojoExecutor.java:145)
	at org.apache.maven.lifecycle.internal.LifecycleModuleBuilder.buildProject(LifecycleModuleBuilder.java:116)
	at org.apache.maven.lifecycle.internal.LifecycleModuleBuilder.buildProject(LifecycleModuleBuilder.java:80)
	at org.apache.maven.lifecycle.internal.builder.singlethreaded.SingleThreadedBuilder.build(SingleThreadedBuilder.java:51)
	at org.apache.maven.lifecycle.internal.LifecycleStarter.execute(LifecycleStarter.java:128)
	at org.apache.maven.DefaultMaven.doExecute(DefaultMaven.java:307)
	at org.apache.maven.DefaultMaven.doExecute(DefaultMaven.java:193)
	at org.apache.maven.DefaultMaven.execute(DefaultMaven.java:106)
	at org.apache.maven.cli.MavenCli.execute(MavenCli.java:863)
	at org.apache.maven.cli.MavenCli.doMain(MavenCli.java:288)
	at org.apache.maven.cli.MavenCli.main(MavenCli.java:199)
	at sun.reflect.NativeMethodAccessorImpl.invoke0(Native Method)
	at sun.reflect.NativeMethodAccessorImpl.invoke(NativeMethodAccessorImpl.java:57)
	at sun.reflect.DelegatingMethodAccessorImpl.invoke(DelegatingMethodAccessorImpl.java:43)
	at java.lang.reflect.Method.invoke(Method.java:606)
	at org.codehaus.plexus.classworlds.launcher.Launcher.launchEnhanced(Launcher.java:289)
	at org.codehaus.plexus.classworlds.launcher.Launcher.launch(Launcher.java:229)
	at org.codehaus.plexus.classworlds.launcher.Launcher.mainWithExitCode(Launcher.java:415)
	at org.codehaus.plexus.classworlds.launcher.Launcher.main(Launcher.java:356)
Caused by: The Result type [redirection] which is defined in the Result annotation on the class [class com.itheima.action.StandardAction] or determined by the file extension or is the default result type for the PackageConfig of the action, could not be found as a result-type defined for the Struts/XWork package [com.itheima.action#struts-default#/] - [unknown location]
	at org.apache.struts2.convention.DefaultResultMapBuilder.createResultConfig(DefaultResultMapBuilder.java:450)
	at org.apache.struts2.convention.DefaultResultMapBuilder.createFromAnnotations(DefaultResultMapBuilder.java:422)
	at org.apache.struts2.convention.DefaultResultMapBuilder.build(DefaultResultMapBuilder.java:200)
	at org.apache.struts2.convention.PackageBasedActionConfigBuilder.createActionConfig(PackageBasedActionConfigBuilder.java:951)
	at org.apache.struts2.convention.PackageBasedActionConfigBuilder.buildConfiguration(PackageBasedActionConfigBuilder.java:734)
	at org.apache.struts2.convention.PackageBasedActionConfigBuilder.buildActionConfigs(PackageBasedActionConfigBuilder.java:355)
	at org.apache.struts2.convention.ClasspathPackageProvider.loadPackages(ClasspathPackageProvider.java:53)
	at com.opensymphony.xwork2.config.impl.DefaultConfiguration.reloadContainer(DefaultConfiguration.java:274)
	at com.opensymphony.xwork2.config.ConfigurationManager.getConfiguration(ConfigurationManager.java:67)
	... 39 more
2017-09-08 17:08:15,208 30017  [           main] INFO  pport.XmlWebApplicationContext  - Closing Root WebApplicationContext: startup date [Fri Sep 08 17:07:45 CST 2017]; root of context hierarchy
2017-09-08 17:08:15,209 30018  [           main] INFO  tainerEntityManagerFactoryBean  - Closing JPA EntityManagerFactory for persistence unit 'default'
